<?xml version="1.0" encoding="UTF-8"?>
<!-- Generated by org.testng.reporters.JUnitXMLReporter -->
<testsuite ignored="21" hostname="DESKTOP-K5QR6PC" failures="0" tests="3" name="Regression Test" time="227.788" errors="0" timestamp="2022-08-13T13:35:33 IST">
  <testcase classname="com.mystore.testcases.TC_OrderPage" name="verifyTotalPrice" time="34.711"/>
  <testcase classname="com.mystore.testcases.TC_EndToEnd" name="endToEndTest" time="104.743"/>
  <testcase classname="com.mystore.testcases.TC_AddToCartPage" name="addToCartTest" time="34.287"/>
  <testcase classname="com.mystore.testcases.TC_HomePage" name="wishListTest" time="0.0">
    <ignored/>
  </testcase> <!-- wishListTest -->
  <testcase classname="com.mystore.testcases.TC_IndexPage" name="validateLogo" time="0.0">
    <ignored/>
  </testcase> <!-- validateLogo -->
  <testcase classname="com.mystore.testcases.TC_AccountCreationPage" name="validateCreateAccountTest" time="0.0">
    <ignored/>
  </testcase> <!-- validateCreateAccountTest -->
  <testcase classname="com.mystore.base.Base" name="@AfterSuite afterSuite" time="0.0">
    <ignored/>
  </testcase> <!-- @AfterSuite afterSuite -->
  <testcase classname="com.mystore.base.Base" name="@AfterSuite afterSuite" time="0.0">
    <ignored/>
  </testcase> <!-- @AfterSuite afterSuite -->
  <testcase classname="com.mystore.base.Base" name="@AfterSuite afterSuite" time="0.0">
    <ignored/>
  </testcase> <!-- @AfterSuite afterSuite -->
  <testcase classname="com.mystore.base.Base" name="@AfterSuite afterSuite" time="0.0">
    <ignored/>
  </testcase> <!-- @AfterSuite afterSuite -->
  <testcase classname="com.mystore.base.Base" name="@AfterSuite afterSuite" time="0.0">
    <ignored/>
  </testcase> <!-- @AfterSuite afterSuite -->
  <testcase classname="com.mystore.base.Base" name="@AfterSuite afterSuite" time="0.0">
    <ignored/>
  </testcase> <!-- @AfterSuite afterSuite -->
  <testcase classname="com.mystore.base.Base" name="@AfterSuite afterSuite" time="0.0">
    <ignored/>
  </testcase> <!-- @AfterSuite afterSuite -->
  <testcase classname="com.mystore.base.Base" name="@BeforeSuite loadConfig" time="0.0">
    <ignored/>
  </testcase> <!-- @BeforeSuite loadConfig -->
  <testcase classname="com.mystore.base.Base" name="@BeforeSuite loadConfig" time="0.0">
    <ignored/>
  </testcase> <!-- @BeforeSuite loadConfig -->
  <testcase classname="com.mystore.base.Base" name="@BeforeSuite loadConfig" time="0.0">
    <ignored/>
  </testcase> <!-- @BeforeSuite loadConfig -->
  <testcase classname="com.mystore.base.Base" name="@BeforeSuite loadConfig" time="0.0">
    <ignored/>
  </testcase> <!-- @BeforeSuite loadConfig -->
  <testcase classname="com.mystore.base.Base" name="@BeforeSuite loadConfig" time="0.0">
    <ignored/>
  </testcase> <!-- @BeforeSuite loadConfig -->
  <testcase classname="com.mystore.base.Base" name="@BeforeSuite loadConfig" time="0.0">
    <ignored/>
  </testcase> <!-- @BeforeSuite loadConfig -->
  <testcase classname="com.mystore.base.Base" name="@BeforeSuite loadConfig" time="0.0">
    <ignored/>
  </testcase> <!-- @BeforeSuite loadConfig -->
  <testcase classname="com.mystore.testcases.TC_SearchResultPage" name="validateProductAvailability" time="0.0">
    <ignored/>
  </testcase> <!-- validateProductAvailability -->
  <testcase classname="com.mystore.testcases.TC_IndexPage" name="validateTitle" time="0.0">
    <ignored/>
  </testcase> <!-- validateTitle -->
  <testcase classname="com.mystore.testcases.TC_LoginPage" name="validateLogin" time="0.0">
    <ignored/>
  </testcase> <!-- validateLogin -->
  <testcase classname="com.mystore.testcases.TC_HomePage" name="orderHistoryTest" time="0.0">
    <ignored/>
  </testcase> <!-- orderHistoryTest -->
</testsuite> <!-- Regression Test -->
